#
# There is insufficient memory for the Java Runtime Environment to continue.
# Native memory allocation (mmap) failed to map 54525952 bytes for Failed to commit area from 0x0000000711c00000 to 0x0000000715000000 of length 54525952.
# Possible reasons:
#   The system is out of physical RAM or swap space
#   The process is running with CompressedOops enabled, and the Java Heap may be blocking the growth of the native heap
# Possible solutions:
#   Reduce memory load on the system
#   Increase physical memory or swap space
#   Check if swap backing store is full
#   Decrease Java heap size (-Xmx/-Xms)
#   Decrease number of Java threads
#   Decrease Java thread stack sizes (-Xss)
#   Set larger code cache with -XX:ReservedCodeCacheSize=
#   JVM is running with Zero Based Compressed Oops mode in which the Java heap is
#     placed in the first 32GB address space. The Java Heap base address is the
#     maximum limit for the native heap growth. Please use -XX:HeapBaseMinAddress
#     to set the Java Heap base and to place the Java Heap above 32GB virtual address.
# This output file may be truncated or incomplete.
#
#  Out of Memory Error (os_windows.cpp:3386), pid=16952, tid=6384
#
# JRE version: OpenJDK Runtime Environment OpenLogic-OpenJDK (11.0.21+9) (build 11.0.21+9-adhoc..jdk11u)
# Java VM: OpenJDK 64-Bit Server VM OpenLogic-OpenJDK (11.0.21+9-adhoc..jdk11u, mixed mode, tiered, compressed oops, g1 gc, windows-amd64)
# No core dump will be written. Minidumps are not enabled by default on client versions of Windows
#

---------------  S U M M A R Y ------------

Command Line: org.jetbrains.kotlin.cli.jvm.K2JVMCompiler @F:\Mobile_App\test_app\node_modules\react-native-screens\android\build\20231226_13113117013212085226.compiler.options

Host: Intel(R) Core(TM) i5-6400 CPU @ 2.70GHz, 4 cores, 15G,  Windows 10 , 64 bit Build 19041 (10.0.19041.1865)
Time: Tue Dec 26 20:47:18 2023 Pakistan Standard Time elapsed time: 6.460338 seconds (0d 0h 0m 6s)

---------------  T H R E A D  ---------------

Current thread (0x0000029e7f7f8800):  VMThread "VM Thread" [stack: 0x000000fb67b00000,0x000000fb67c00000] [id=6384]

Stack: [0x000000fb67b00000,0x000000fb67c00000]
[error occurred during error reporting (printing stack bounds), id 0xc0000005, EXCEPTION_ACCESS_VIOLATION (0xc0000005) at pc=0x0000029e683a112d]

Native frames: (J=compiled Java code, j=interpreted, Vv=VM code, C=native code)
V  [jvm.dll+0x64172a]
V  [jvm.dll+0x7863e9]
V  [jvm.dll+0x787ae9]
V  [jvm.dll+0x788135]
V  [jvm.dll+0x7880eb]
V  [jvm.dll+0x640a35]
V  [jvm.dll+0x641138]
C  [ntdll.dll+0xa229f]
C  [ntdll.dll+0x51454]
C  [ntdll.dll+0xa0dce]
C  0x0000029e683a112d

VM_Operation (0x000000fb682fef50): CollectForMetadataAllocation, mode: safepoint, requested by thread 0x0000029e7f91b800


---------------  P R O C E S S  ---------------

Threads class SMR info:
_java_thread_list=0x0000029e092b5ce0, length=11, elements={
0x0000029e5d062800, 0x0000029e7f7ff800, 0x0000029e7f8bb000, 0x0000029e7f8ca800,
0x0000029e7f8cd800, 0x0000029e7f8ce800, 0x0000029e7f8d0000, 0x0000029e7f91b800,
0x0000029e7f82d000, 0x0000029e7fa9c800, 0x0000029e05a62000
}

Java Threads: ( => current thread )
  0x0000029e5d062800 JavaThread "main" [_thread_blocked, id=42520, stack(0x000000fb67500000,0x000000fb67600000)]
  0x0000029e7f7ff800 JavaThread "Reference Handler" daemon [_thread_blocked, id=41904, stack(0x000000fb67c00000,0x000000fb67d00000)]
  0x0000029e7f8bb000 JavaThread "Finalizer" daemon [_thread_blocked, id=34532, stack(0x000000fb67d00000,0x000000fb67e00000)]
  0x0000029e7f8ca800 JavaThread "Signal Dispatcher" daemon [_thread_blocked, id=13156, stack(0x000000fb67e00000,0x000000fb67f00000)]
  0x0000029e7f8cd800 JavaThread "Attach Listener" daemon [_thread_blocked, id=25580, stack(0x000000fb67f00000,0x000000fb68000000)]
  0x0000029e7f8ce800 JavaThread "Service Thread" daemon [_thread_blocked, id=11308, stack(0x000000fb68000000,0x000000fb68100000)]
  0x0000029e7f8d0000 JavaThread "C2 CompilerThread0" daemon [_thread_blocked, id=20572, stack(0x000000fb68100000,0x000000fb68200000)]
  0x0000029e7f91b800 JavaThread "C1 CompilerThread0" daemon [_thread_blocked, id=3700, stack(0x000000fb68200000,0x000000fb68300000)]
  0x0000029e7f82d000 JavaThread "Sweeper thread" daemon [_thread_blocked, id=6624, stack(0x000000fb68300000,0x000000fb68400000)]
  0x0000029e7fa9c800 JavaThread "Common-Cleaner" daemon [_thread_blocked, id=18724, stack(0x000000fb68500000,0x000000fb68600000)]
  0x0000029e05a62000 JavaThread "C2 CompilerThread1" daemon [_thread_blocked, id=25912, stack(0x000000fb68600000,0x000000fb68700000)]

Other Threads:
=>0x0000029e7f7f8800 VMThread "VM Thread" [stack: 0x000000fb67b00000,0x000000fb67c00000] [id=6384]
  0x0000029e7fa92800 WatcherThread [stack: 0x000000fb68400000,0x000000fb68500000] [id=10108]
  0x0000029e5d07b800 GCTaskThread "GC Thread#0" [stack: 0x000000fb67600000,0x000000fb67700000] [id=26988]
  0x0000029e04aff000 GCTaskThread "GC Thread#1" [stack: 0x000000fb68700000,0x000000fb68800000] [id=1332]
  0x0000029e04b00000 GCTaskThread "GC Thread#2" [stack: 0x000000fb68800000,0x000000fb68900000] [id=16764]
  0x0000029e04b8e800 GCTaskThread "GC Thread#3" [stack: 0x000000fb68900000,0x000000fb68a00000] [id=34076]
  0x0000029e5d0d8800 ConcurrentGCThread "G1 Main Marker" [stack: 0x000000fb67700000,0x000000fb67800000] [id=37468]
  0x0000029e5d0da000 ConcurrentGCThread "G1 Conc#0" [stack: 0x000000fb67800000,0x000000fb67900000] [id=10992]
  0x0000029e7f6df800 ConcurrentGCThread "G1 Refine#0" [stack: 0x000000fb67900000,0x000000fb67a00000] [id=43340]
  0x0000029e7f6e0800 ConcurrentGCThread "G1 Young RemSet Sampling" [stack: 0x000000fb67a00000,0x000000fb67b00000] [id=40732]

Threads with active compile tasks:
C2 CompilerThread0     6473 5943       4       org.jetbrains.kotlin.com.intellij.psi.impl.source.CharTableImpl::intern (71 bytes)
C1 CompilerThread0     6474 6135       2       org.jetbrains.kotlin.load.java.lazy.descriptors.LazyJavaClassDescriptor::getDeclaredTypeParameters (13 bytes)
C2 CompilerThread1     6474 6087   !   4       org.jetbrains.kotlin.com.intellij.psi.impl.source.CharTableImpl::doIntern (85 bytes)

VM state:at safepoint (normal execution)

VM Mutex/Monitor currently owned by a thread:  ([mutex/lock_event])
[0x0000029e5d05ea30] Threads_lock - owner thread: 0x0000029e7f7f8800
[0x0000029e5d05e9a0] Heap_lock - owner thread: 0x0000029e7f91b800
[0x0000029e5d061580] MethodData_lock - owner thread: 0x0000029e7f91b800

Heap address: 0x0000000701c00000, size: 4068 MB, Compressed Oops mode: Zero based, Oop shift amount: 3
Narrow klass base: 0x0000000800000000, Narrow klass shift: 0
Compressed class space size: 1073741824 Address: 0x0000000800000000

Heap:
 garbage-first heap   total 315392K, used 44252K [0x0000000701c00000, 0x0000000800000000)
  region size 1024K, 19 young (19456K), 19 survivors (19456K)
 Metaspace       used 59473K, capacity 60176K, committed 60288K, reserved 1101824K
  class space    used 6798K, capacity 7111K, committed 7116K, reserved 1048576K
Heap Regions: E=young(eden), S=young(survivor), O=old, HS=humongous(starts), HC=humongous(continues), CS=collection set, F=free, A=archive, TAMS=top-at-mark-start (previous, next)
|   0|0x0000000701c00000, 0x0000000701d00000, 0x0000000701d00000|100%|HS|  |TAMS 0x0000000701d00000, 0x0000000701d00000| Complete 
|   1|0x0000000701d00000, 0x0000000701e00000, 0x0000000701e00000|100%|HC|  |TAMS 0x0000000701e00000, 0x0000000701e00000| Complete 
|   2|0x0000000701e00000, 0x0000000701f00000, 0x0000000701f00000|100%|HC|  |TAMS 0x0000000701f00000, 0x0000000701f00000| Complete 
|   3|0x0000000701f00000, 0x0000000702000000, 0x0000000702000000|100%|HC|  |TAMS 0x0000000702000000, 0x0000000702000000| Complete 
|   4|0x0000000702000000, 0x0000000702100000, 0x0000000702100000|100%| O|  |TAMS 0x0000000702100000, 0x0000000702100000| Untracked 
|   5|0x0000000702100000, 0x0000000702200000, 0x0000000702200000|100%| O|  |TAMS 0x0000000702200000, 0x0000000702200000| Untracked 
|   6|0x0000000702200000, 0x0000000702300000, 0x0000000702300000|100%|HS|  |TAMS 0x0000000702300000, 0x0000000702300000| Complete 
|   7|0x0000000702300000, 0x0000000702400000, 0x0000000702400000|100%|HC|  |TAMS 0x0000000702400000, 0x0000000702400000| Complete 
|   8|0x0000000702400000, 0x0000000702500000, 0x0000000702500000|100%|HC|  |TAMS 0x0000000702500000, 0x0000000702500000| Complete 
|   9|0x0000000702500000, 0x0000000702600000, 0x0000000702600000|100%|HC|  |TAMS 0x0000000702600000, 0x0000000702600000| Complete 
|  10|0x0000000702600000, 0x0000000702700000, 0x0000000702700000|100%|HS|  |TAMS 0x0000000702600000, 0x0000000702700000| Complete 
|  11|0x0000000702700000, 0x0000000702800000, 0x0000000702800000|100%|HC|  |TAMS 0x0000000702700000, 0x0000000702800000| Complete 
|  12|0x0000000702800000, 0x0000000702900000, 0x0000000702900000|100%| O|  |TAMS 0x0000000702900000, 0x0000000702900000| Untracked 
|  13|0x0000000702900000, 0x0000000702a00000, 0x0000000702a00000|100%| O|  |TAMS 0x0000000702a00000, 0x0000000702a00000| Untracked 
|  14|0x0000000702a00000, 0x0000000702b00000, 0x0000000702b00000|100%| O|  |TAMS 0x0000000702b00000, 0x0000000702b00000| Untracked 
|  15|0x0000000702b00000, 0x0000000702c00000, 0x0000000702c00000|100%| O|  |TAMS 0x0000000702c00000, 0x0000000702c00000| Untracked 
|  16|0x0000000702c00000, 0x0000000702d00000, 0x0000000702d00000|100%| O|  |TAMS 0x0000000702d00000, 0x0000000702d00000| Untracked 
|  17|0x0000000702d00000, 0x0000000702e00000, 0x0000000702e00000|100%| O|  |TAMS 0x0000000702e00000, 0x0000000702e00000| Untracked 
|  18|0x0000000702e00000, 0x0000000702f00000, 0x0000000702f00000|100%| O|  |TAMS 0x0000000702f00000, 0x0000000702f00000| Untracked 
|  19|0x0000000702f00000, 0x0000000703000000, 0x0000000703000000|100%| O|  |TAMS 0x0000000703000000, 0x0000000703000000| Untracked 
|  20|0x0000000703000000, 0x0000000703100000, 0x0000000703100000|100%| O|  |TAMS 0x0000000703100000, 0x0000000703100000| Untracked 
|  21|0x0000000703100000, 0x0000000703200000, 0x0000000703200000|100%| O|  |TAMS 0x0000000703200000, 0x0000000703200000| Untracked 
|  22|0x0000000703200000, 0x0000000703300000, 0x0000000703300000|100%| O|  |TAMS 0x0000000703269c00, 0x0000000703300000| Untracked 
|  23|0x0000000703300000, 0x0000000703300000, 0x0000000703400000|  0%| F|  |TAMS 0x0000000703300000, 0x0000000703300000| Untracked 
|  24|0x0000000703400000, 0x0000000703500000, 0x0000000703500000|100%| O|  |TAMS 0x0000000703400000, 0x0000000703500000| Untracked 
|  25|0x0000000703500000, 0x0000000703537000, 0x0000000703600000| 21%| O|  |TAMS 0x0000000703500000, 0x0000000703537000| Untracked 
|  26|0x0000000703600000, 0x0000000703600000, 0x0000000703700000|  0%| F|  |TAMS 0x0000000703600000, 0x0000000703600000| Untracked 
|  27|0x0000000703700000, 0x0000000703700000, 0x0000000703800000|  0%| F|  |TAMS 0x0000000703700000, 0x0000000703700000| Untracked 
|  28|0x0000000703800000, 0x0000000703800000, 0x0000000703900000|  0%| F|  |TAMS 0x0000000703800000, 0x0000000703800000| Untracked 
|  29|0x0000000703900000, 0x0000000703900000, 0x0000000703a00000|  0%| F|  |TAMS 0x0000000703900000, 0x0000000703900000| Untracked 
|  30|0x0000000703a00000, 0x0000000703a00000, 0x0000000703b00000|  0%| F|  |TAMS 0x0000000703a00000, 0x0000000703a00000| Untracked 
|  31|0x0000000703b00000, 0x0000000703b00000, 0x0000000703c00000|  0%| F|  |TAMS 0x0000000703b00000, 0x0000000703b00000| Untracked 
|  32|0x0000000703c00000, 0x0000000703c00000, 0x0000000703d00000|  0%| F|  |TAMS 0x0000000703c00000, 0x0000000703c00000| Untracked 
|  33|0x0000000703d00000, 0x0000000703d00000, 0x0000000703e00000|  0%| F|  |TAMS 0x0000000703d00000, 0x0000000703d00000| Untracked 
|  34|0x0000000703e00000, 0x0000000703e00000, 0x0000000703f00000|  0%| F|  |TAMS 0x0000000703e00000, 0x0000000703e00000| Untracked 
|  35|0x0000000703f00000, 0x0000000703f00000, 0x0000000704000000|  0%| F|  |TAMS 0x0000000703f00000, 0x0000000703f00000| Untracked 
|  36|0x0000000704000000, 0x0000000704000000, 0x0000000704100000|  0%| F|  |TAMS 0x0000000704000000, 0x0000000704000000| Untracked 
|  37|0x0000000704100000, 0x0000000704100000, 0x0000000704200000|  0%| F|  |TAMS 0x0000000704100000, 0x0000000704100000| Untracked 
|  38|0x0000000704200000, 0x0000000704200000, 0x0000000704300000|  0%| F|  |TAMS 0x0000000704200000, 0x0000000704200000| Untracked 
|  39|0x0000000704300000, 0x0000000704300000, 0x0000000704400000|  0%| F|  |TAMS 0x0000000704300000, 0x0000000704300000| Untracked 
|  40|0x0000000704400000, 0x0000000704400000, 0x0000000704500000|  0%| F|  |TAMS 0x0000000704400000, 0x0000000704400000| Untracked 
|  41|0x0000000704500000, 0x0000000704500000, 0x0000000704600000|  0%| F|  |TAMS 0x0000000704500000, 0x0000000704500000| Untracked 
|  42|0x0000000704600000, 0x0000000704600000, 0x0000000704700000|  0%| F|  |TAMS 0x0000000704600000, 0x0000000704600000| Untracked 
|  43|0x0000000704700000, 0x0000000704700000, 0x0000000704800000|  0%| F|  |TAMS 0x0000000704700000, 0x0000000704700000| Untracked 
|  44|0x0000000704800000, 0x0000000704800000, 0x0000000704900000|  0%| F|  |TAMS 0x0000000704800000, 0x0000000704800000| Untracked 
|  45|0x0000000704900000, 0x0000000704900000, 0x0000000704a00000|  0%| F|  |TAMS 0x0000000704900000, 0x0000000704900000| Untracked 
|  46|0x0000000704a00000, 0x0000000704a00000, 0x0000000704b00000|  0%| F|  |TAMS 0x0000000704a00000, 0x0000000704a00000| Untracked 
|  47|0x0000000704b00000, 0x0000000704b00000, 0x0000000704c00000|  0%| F|  |TAMS 0x0000000704b00000, 0x0000000704b00000| Untracked 
|  48|0x0000000704c00000, 0x0000000704c00000, 0x0000000704d00000|  0%| F|  |TAMS 0x0000000704c00000, 0x0000000704c00000| Untracked 
|  49|0x0000000704d00000, 0x0000000704d00000, 0x0000000704e00000|  0%| F|  |TAMS 0x0000000704d00000, 0x0000000704d00000| Untracked 
|  50|0x0000000704e00000, 0x0000000704e00000, 0x0000000704f00000|  0%| F|  |TAMS 0x0000000704e00000, 0x0000000704e00000| Untracked 
|  51|0x0000000704f00000, 0x0000000704f00000, 0x0000000705000000|  0%| F|  |TAMS 0x0000000704f00000, 0x0000000704f00000| Untracked 
|  52|0x0000000705000000, 0x0000000705000000, 0x0000000705100000|  0%| F|  |TAMS 0x0000000705000000, 0x0000000705000000| Untracked 
|  53|0x0000000705100000, 0x0000000705100000, 0x0000000705200000|  0%| F|  |TAMS 0x0000000705100000, 0x0000000705100000| Untracked 
|  54|0x0000000705200000, 0x0000000705200000, 0x0000000705300000|  0%| F|  |TAMS 0x0000000705200000, 0x0000000705200000| Untracked 
|  55|0x0000000705300000, 0x0000000705300000, 0x0000000705400000|  0%| F|  |TAMS 0x0000000705300000, 0x0000000705300000| Untracked 
|  56|0x0000000705400000, 0x0000000705400000, 0x0000000705500000|  0%| F|  |TAMS 0x0000000705400000, 0x0000000705400000| Untracked 
|  57|0x0000000705500000, 0x0000000705500000, 0x0000000705600000|  0%| F|  |TAMS 0x0000000705500000, 0x0000000705500000| Untracked 
|  58|0x0000000705600000, 0x0000000705600000, 0x0000000705700000|  0%| F|  |TAMS 0x0000000705600000, 0x0000000705600000| Untracked 
|  59|0x0000000705700000, 0x0000000705700000, 0x0000000705800000|  0%| F|  |TAMS 0x0000000705700000, 0x0000000705700000| Untracked 
|  60|0x0000000705800000, 0x0000000705800000, 0x0000000705900000|  0%| F|  |TAMS 0x0000000705800000, 0x0000000705800000| Untracked 
|  61|0x0000000705900000, 0x0000000705900000, 0x0000000705a00000|  0%| F|  |TAMS 0x0000000705900000, 0x0000000705900000| Untracked 
|  62|0x0000000705a00000, 0x0000000705a00000, 0x0000000705b00000|  0%| F|  |TAMS 0x0000000705a00000, 0x0000000705a00000| Untracked 
|  63|0x0000000705b00000, 0x0000000705b00000, 0x0000000705c00000|  0%| F|  |TAMS 0x0000000705b00000, 0x0000000705b00000| Untracked 
|  64|0x0000000705c00000, 0x0000000705c00000, 0x0000000705d00000|  0%| F|  |TAMS 0x0000000705c00000, 0x0000000705c00000| Untracked 
|  65|0x0000000705d00000, 0x0000000705d00000, 0x0000000705e00000|  0%| F|  |TAMS 0x0000000705d00000, 0x0000000705d00000| Untracked 
|  66|0x0000000705e00000, 0x0000000705e00000, 0x0000000705f00000|  0%| F|  |TAMS 0x0000000705e00000, 0x0000000705e00000| Untracked 
|  67|0x0000000705f00000, 0x0000000705f00000, 0x0000000706000000|  0%| F|  |TAMS 0x0000000705f00000, 0x0000000705f00000| Untracked 
|  68|0x0000000706000000, 0x0000000706000000, 0x0000000706100000|  0%| F|  |TAMS 0x0000000706000000, 0x0000000706000000| Untracked 
|  69|0x0000000706100000, 0x0000000706100000, 0x0000000706200000|  0%| F|  |TAMS 0x0000000706100000, 0x0000000706100000| Untracked 
|  70|0x0000000706200000, 0x0000000706200000, 0x0000000706300000|  0%| F|  |TAMS 0x0000000706200000, 0x0000000706200000| Untracked 
|  71|0x0000000706300000, 0x0000000706300000, 0x0000000706400000|  0%| F|  |TAMS 0x0000000706300000, 0x0000000706300000| Untracked 
|  72|0x0000000706400000, 0x0000000706400000, 0x0000000706500000|  0%| F|  |TAMS 0x0000000706400000, 0x0000000706400000| Untracked 
|  73|0x0000000706500000, 0x0000000706500000, 0x0000000706600000|  0%| F|  |TAMS 0x0000000706500000, 0x0000000706500000| Untracked 
|  74|0x0000000706600000, 0x0000000706600000, 0x0000000706700000|  0%| F|  |TAMS 0x0000000706600000, 0x0000000706600000| Untracked 
|  75|0x0000000706700000, 0x0000000706700000, 0x0000000706800000|  0%| F|  |TAMS 0x0000000706700000, 0x0000000706700000| Untracked 
|  76|0x0000000706800000, 0x0000000706800000, 0x0000000706900000|  0%| F|  |TAMS 0x0000000706800000, 0x0000000706800000| Untracked 
|  77|0x0000000706900000, 0x0000000706900000, 0x0000000706a00000|  0%| F|  |TAMS 0x0000000706900000, 0x0000000706900000| Untracked 
|  78|0x0000000706a00000, 0x0000000706a00000, 0x0000000706b00000|  0%| F|  |TAMS 0x0000000706a00000, 0x0000000706a00000| Untracked 
|  79|0x0000000706b00000, 0x0000000706b00000, 0x0000000706c00000|  0%| F|  |TAMS 0x0000000706b00000, 0x0000000706b00000| Untracked 
|  80|0x0000000706c00000, 0x0000000706c00000, 0x0000000706d00000|  0%| F|  |TAMS 0x0000000706c00000, 0x0000000706c00000| Untracked 
|  81|0x0000000706d00000, 0x0000000706d00000, 0x0000000706e00000|  0%| F|  |TAMS 0x0000000706d00000, 0x0000000706d00000| Untracked 
|  82|0x0000000706e00000, 0x0000000706e00000, 0x0000000706f00000|  0%| F|  |TAMS 0x0000000706e00000, 0x0000000706e00000| Untracked 
|  83|0x0000000706f00000, 0x0000000706f00000, 0x0000000707000000|  0%| F|  |TAMS 0x0000000706f00000, 0x0000000706f00000| Untracked 
|  84|0x0000000707000000, 0x0000000707000000, 0x0000000707100000|  0%| F|  |TAMS 0x0000000707000000, 0x0000000707000000| Untracked 
|  85|0x0000000707100000, 0x0000000707100000, 0x0000000707200000|  0%| F|  |TAMS 0x0000000707100000, 0x0000000707100000| Untracked 
|  86|0x0000000707200000, 0x0000000707200000, 0x0000000707300000|  0%| F|  |TAMS 0x0000000707200000, 0x0000000707200000| Untracked 
|  87|0x0000000707300000, 0x0000000707300000, 0x0000000707400000|  0%| F|  |TAMS 0x0000000707300000, 0x0000000707300000| Untracked 
|  88|0x0000000707400000, 0x0000000707400000, 0x0000000707500000|  0%| F|  |TAMS 0x0000000707400000, 0x0000000707400000| Untracked 
|  89|0x0000000707500000, 0x0000000707500000, 0x0000000707600000|  0%| F|  |TAMS 0x0000000707500000, 0x0000000707500000| Untracked 
|  90|0x0000000707600000, 0x0000000707600000, 0x0000000707700000|  0%| F|  |TAMS 0x0000000707600000, 0x0000000707600000| Untracked 
|  91|0x0000000707700000, 0x0000000707700000, 0x0000000707800000|  0%| F|  |TAMS 0x0000000707700000, 0x0000000707700000| Untracked 
|  92|0x0000000707800000, 0x0000000707800000, 0x0000000707900000|  0%| F|  |TAMS 0x0000000707800000, 0x0000000707800000| Untracked 
|  93|0x0000000707900000, 0x0000000707900000, 0x0000000707a00000|  0%| F|  |TAMS 0x0000000707900000, 0x0000000707900000| Untracked 
|  94|0x0000000707a00000, 0x0000000707a00000, 0x0000000707b00000|  0%| F|  |TAMS 0x0000000707a00000, 0x0000000707a00000| Untracked 
|  95|0x0000000707b00000, 0x0000000707b00000, 0x0000000707c00000|  0%| F|  |TAMS 0x0000000707b00000, 0x0000000707b00000| Untracked 
|  96|0x0000000707c00000, 0x0000000707c00000, 0x0000000707d00000|  0%| F|  |TAMS 0x0000000707c00000, 0x0000000707c00000| Untracked 
|  97|0x0000000707d00000, 0x0000000707d00000, 0x0000000707e00000|  0%| F|  |TAMS 0x0000000707d00000, 0x0000000707d00000| Untracked 
|  98|0x0000000707e00000, 0x0000000707e00000, 0x0000000707f00000|  0%| F|  |TAMS 0x0000000707e00000, 0x0000000707e00000| Untracked 
|  99|0x0000000707f00000, 0x0000000707f00000, 0x0000000708000000|  0%| F|  |TAMS 0x0000000707f00000, 0x0000000707f00000| Untracked 
| 100|0x0000000708000000, 0x0000000708000000, 0x0000000708100000|  0%| F|  |TAMS 0x0000000708000000, 0x0000000708000000| Untracked 
| 101|0x0000000708100000, 0x0000000708100000, 0x0000000708200000|  0%| F|  |TAMS 0x0000000708100000, 0x0000000708100000| Untracked 
| 102|0x0000000708200000, 0x0000000708200000, 0x0000000708300000|  0%| F|  |TAMS 0x0000000708200000, 0x0000000708200000| Untracked 
| 103|0x0000000708300000, 0x0000000708300000, 0x0000000708400000|  0%| F|  |TAMS 0x0000000708300000, 0x0000000708300000| Untracked 
| 104|0x0000000708400000, 0x0000000708400000, 0x0000000708500000|  0%| F|  |TAMS 0x0000000708400000, 0x0000000708400000| Untracked 
| 105|0x0000000708500000, 0x0000000708500000, 0x0000000708600000|  0%| F|  |TAMS 0x0000000708500000, 0x0000000708500000| Untracked 
| 106|0x0000000708600000, 0x0000000708600000, 0x0000000708700000|  0%| F|  |TAMS 0x0000000708600000, 0x0000000708600000| Untracked 
| 107|0x0000000708700000, 0x0000000708700000, 0x0000000708800000|  0%| F|  |TAMS 0x0000000708700000, 0x0000000708700000| Untracked 
| 108|0x0000000708800000, 0x0000000708800000, 0x0000000708900000|  0%| F|  |TAMS 0x0000000708800000, 0x0000000708800000| Untracked 
| 109|0x0000000708900000, 0x0000000708900000, 0x0000000708a00000|  0%| F|  |TAMS 0x0000000708900000, 0x0000000708900000| Untracked 
| 110|0x0000000708a00000, 0x0000000708a00000, 0x0000000708b00000|  0%| F|  |TAMS 0x0000000708a00000, 0x0000000708a00000| Untracked 
| 111|0x0000000708b00000, 0x0000000708b00000, 0x0000000708c00000|  0%| F|  |TAMS 0x0000000708b00000, 0x0000000708b00000| Untracked 
| 112|0x0000000708c00000, 0x0000000708c00000, 0x0000000708d00000|  0%| F|  |TAMS 0x0000000708c00000, 0x0000000708c00000| Untracked 
| 113|0x0000000708d00000, 0x0000000708d00000, 0x0000000708e00000|  0%| F|  |TAMS 0x0000000708d00000, 0x0000000708d00000| Untracked 
| 114|0x0000000708e00000, 0x0000000708e00000, 0x0000000708f00000|  0%| F|  |TAMS 0x0000000708e00000, 0x0000000708e00000| Untracked 
| 115|0x0000000708f00000, 0x0000000708f00000, 0x0000000709000000|  0%| F|  |TAMS 0x0000000708f00000, 0x0000000708f00000| Untracked 
| 116|0x0000000709000000, 0x0000000709000000, 0x0000000709100000|  0%| F|  |TAMS 0x0000000709000000, 0x0000000709000000| Untracked 
| 117|0x0000000709100000, 0x0000000709100000, 0x0000000709200000|  0%| F|  |TAMS 0x0000000709100000, 0x0000000709100000| Untracked 
| 118|0x0000000709200000, 0x0000000709200000, 0x0000000709300000|  0%| F|  |TAMS 0x0000000709200000, 0x0000000709200000| Untracked 
| 119|0x0000000709300000, 0x0000000709300000, 0x0000000709400000|  0%| F|  |TAMS 0x0000000709300000, 0x0000000709300000| Untracked 
| 120|0x0000000709400000, 0x0000000709400000, 0x0000000709500000|  0%| F|  |TAMS 0x0000000709400000, 0x0000000709400000| Untracked 
| 121|0x0000000709500000, 0x0000000709500000, 0x0000000709600000|  0%| F|  |TAMS 0x0000000709500000, 0x0000000709500000| Untracked 
| 122|0x0000000709600000, 0x0000000709600000, 0x0000000709700000|  0%| F|  |TAMS 0x0000000709600000, 0x0000000709600000| Untracked 
| 123|0x0000000709700000, 0x0000000709700000, 0x0000000709800000|  0%| F|  |TAMS 0x0000000709700000, 0x0000000709700000| Untracked 
| 124|0x0000000709800000, 0x0000000709800000, 0x0000000709900000|  0%| F|  |TAMS 0x0000000709800000, 0x0000000709800000| Untracked 
| 125|0x0000000709900000, 0x0000000709900000, 0x0000000709a00000|  0%| F|  |TAMS 0x0000000709900000, 0x0000000709900000| Untracked 
| 126|0x0000000709a00000, 0x0000000709a00000, 0x0000000709b00000|  0%| F|  |TAMS 0x0000000709a00000, 0x0000000709a00000| Untracked 
| 127|0x0000000709b00000, 0x0000000709b00000, 0x0000000709c00000|  0%| F|  |TAMS 0x0000000709b00000, 0x0000000709b00000| Untracked 
| 128|0x0000000709c00000, 0x0000000709c00000, 0x0000000709d00000|  0%| F|  |TAMS 0x0000000709c00000, 0x0000000709c00000| Untracked 
| 129|0x0000000709d00000, 0x0000000709d00000, 0x0000000709e00000|  0%| F|  |TAMS 0x0000000709d00000, 0x0000000709d00000| Untracked 
| 130|0x0000000709e00000, 0x0000000709e00000, 0x0000000709f00000|  0%| F|  |TAMS 0x0000000709e00000, 0x0000000709e00000| Untracked 
| 131|0x0000000709f00000, 0x0000000709f00000, 0x000000070a000000|  0%| F|  |TAMS 0x0000000709f00000, 0x0000000709f00000| Untracked 
| 132|0x000000070a000000, 0x000000070a100000, 0x000000070a100000|100%| S|CS|TAMS 0x000000070a000000, 0x000000070a000000| Complete 
| 133|0x000000070a100000, 0x000000070a200000, 0x000000070a200000|100%| S|CS|TAMS 0x000000070a100000, 0x000000070a100000| Complete 
| 134|0x000000070a200000, 0x000000070a300000, 0x000000070a300000|100%| S|CS|TAMS 0x000000070a200000, 0x000000070a200000| Complete 
| 135|0x000000070a300000, 0x000000070a400000, 0x000000070a400000|100%| S|CS|TAMS 0x000000070a300000, 0x000000070a300000| Complete 
| 136|0x000000070a400000, 0x000000070a500000, 0x000000070a500000|100%| S|CS|TAMS 0x000000070a400000, 0x000000070a400000| Complete 
| 137|0x000000070a500000, 0x000000070a600000, 0x000000070a600000|100%| S|CS|TAMS 0x000000070a500000, 0x000000070a500000| Complete 
| 138|0x000000070a600000, 0x000000070a700000, 0x000000070a700000|100%| S|CS|TAMS 0x000000070a600000, 0x000000070a600000| Complete 
| 139|0x000000070a700000, 0x000000070a800000, 0x000000070a800000|100%| S|CS|TAMS 0x000000070a700000, 0x000000070a700000| Complete 
| 140|0x000000070a800000, 0x000000070a900000, 0x000000070a900000|100%| S|CS|TAMS 0x000000070a800000, 0x000000070a800000| Complete 
| 141|0x000000070a900000, 0x000000070aa00000, 0x000000070aa00000|100%| S|CS|TAMS 0x000000070a900000, 0x000000070a900000| Complete 
| 142|0x000000070aa00000, 0x000000070ab00000, 0x000000070ab00000|100%| S|CS|TAMS 0x000000070aa00000, 0x000000070aa00000| Complete 
| 143|0x000000070ab00000, 0x000000070ac00000, 0x000000070ac00000|100%| S|CS|TAMS 0x000000070ab00000, 0x000000070ab00000| Complete 
| 144|0x000000070ac00000, 0x000000070ad00000, 0x000000070ad00000|100%| S|CS|TAMS 0x000000070ac00000, 0x000000070ac00000| Complete 
| 145|0x000000070ad00000, 0x000000070ae00000, 0x000000070ae00000|100%| S|CS|TAMS 0x000000070ad00000, 0x000000070ad00000| Complete 
| 146|0x000000070ae00000, 0x000000070af00000, 0x000000070af00000|100%| S|CS|TAMS 0x000000070ae00000, 0x000000070ae00000| Complete 
| 147|0x000000070af00000, 0x000000070b000000, 0x000000070b000000|100%| S|CS|TAMS 0x000000070af00000, 0x000000070af00000| Complete 
| 148|0x000000070b000000, 0x000000070b100000, 0x000000070b100000|100%| S|CS|TAMS 0x000000070b000000, 0x000000070b000000| Complete 
| 149|0x000000070b100000, 0x000000070b200000, 0x000000070b200000|100%| S|CS|TAMS 0x000000070b100000, 0x000000070b100000| Complete 
| 150|0x000000070b200000, 0x000000070b300000, 0x000000070b300000|100%| S|CS|TAMS 0x000000070b200000, 0x000000070b200000| Complete 
| 151|0x000000070b300000, 0x000000070b300000, 0x000000070b400000|  0%| F|  |TAMS 0x000000070b300000, 0x000000070b300000| Untracked 
| 152|0x000000070b400000, 0x000000070b400000, 0x000000070b500000|  0%| F|  |TAMS 0x000000070b400000, 0x000000070b400000| Untracked 
| 153|0x000000070b500000, 0x000000070b500000, 0x000000070b600000|  0%| F|  |TAMS 0x000000070b500000, 0x000000070b500000| Untracked 
| 154|0x000000070b600000, 0x000000070b600000, 0x000000070b700000|  0%| F|  |TAMS 0x000000070b600000, 0x000000070b600000| Untracked 
| 155|0x000000070b700000, 0x000000070b700000, 0x000000070b800000|  0%| F|  |TAMS 0x000000070b700000, 0x000000070b700000| Untracked 
| 156|0x000000070b800000, 0x000000070b800000, 0x000000070b900000|  0%| F|  |TAMS 0x000000070b800000, 0x000000070b800000| Untracked 
| 157|0x000000070b900000, 0x000000070b900000, 0x000000070ba00000|  0%| F|  |TAMS 0x000000070b900000, 0x000000070b900000| Untracked 
| 158|0x000000070ba00000, 0x000000070ba00000, 0x000000070bb00000|  0%| F|  |TAMS 0x000000070ba00000, 0x000000070ba00000| Untracked 
| 159|0x000000070bb00000, 0x000000070bb00000, 0x000000070bc00000|  0%| F|  |TAMS 0x000000070bb00000, 0x000000070bb00000| Untracked 
| 160|0x000000070bc00000, 0x000000070bc00000, 0x000000070bd00000|  0%| F|  |TAMS 0x000000070bc00000, 0x000000070bc00000| Untracked 
| 161|0x000000070bd00000, 0x000000070bd00000, 0x000000070be00000|  0%| F|  |TAMS 0x000000070bd00000, 0x000000070bd00000| Untracked 
| 162|0x000000070be00000, 0x000000070be00000, 0x000000070bf00000|  0%| F|  |TAMS 0x000000070be00000, 0x000000070be00000| Untracked 
| 163|0x000000070bf00000, 0x000000070bf00000, 0x000000070c000000|  0%| F|  |TAMS 0x000000070bf00000, 0x000000070bf00000| Untracked 
| 164|0x000000070c000000, 0x000000070c000000, 0x000000070c100000|  0%| F|  |TAMS 0x000000070c000000, 0x000000070c000000| Untracked 
| 165|0x000000070c100000, 0x000000070c100000, 0x000000070c200000|  0%| F|  |TAMS 0x000000070c100000, 0x000000070c100000| Untracked 
| 166|0x000000070c200000, 0x000000070c200000, 0x000000070c300000|  0%| F|  |TAMS 0x000000070c200000, 0x000000070c200000| Untracked 
| 167|0x000000070c300000, 0x000000070c300000, 0x000000070c400000|  0%| F|  |TAMS 0x000000070c300000, 0x000000070c300000| Untracked 
| 168|0x000000070c400000, 0x000000070c400000, 0x000000070c500000|  0%| F|  |TAMS 0x000000070c400000, 0x000000070c400000| Untracked 
| 169|0x000000070c500000, 0x000000070c500000, 0x000000070c600000|  0%| F|  |TAMS 0x000000070c500000, 0x000000070c500000| Untracked 
| 170|0x000000070c600000, 0x000000070c600000, 0x000000070c700000|  0%| F|  |TAMS 0x000000070c600000, 0x000000070c600000| Untracked 
| 171|0x000000070c700000, 0x000000070c700000, 0x000000070c800000|  0%| F|  |TAMS 0x000000070c700000, 0x000000070c700000| Untracked 
| 172|0x000000070c800000, 0x000000070c800000, 0x000000070c900000|  0%| F|  |TAMS 0x000000070c800000, 0x000000070c800000| Untracked 
| 173|0x000000070c900000, 0x000000070c900000, 0x000000070ca00000|  0%| F|  |TAMS 0x000000070c900000, 0x000000070c900000| Untracked 
| 174|0x000000070ca00000, 0x000000070ca00000, 0x000000070cb00000|  0%| F|  |TAMS 0x000000070ca00000, 0x000000070ca00000| Untracked 
| 175|0x000000070cb00000, 0x000000070cb00000, 0x000000070cc00000|  0%| F|  |TAMS 0x000000070cb00000, 0x000000070cb00000| Untracked 
| 176|0x000000070cc00000, 0x000000070cc00000, 0x000000070cd00000|  0%| F|  |TAMS 0x000000070cc00000, 0x000000070cc00000| Untracked 
| 177|0x000000070cd00000, 0x000000070cd00000, 0x000000070ce00000|  0%| F|  |TAMS 0x000000070cd00000, 0x000000070cd00000| Untracked 
| 178|0x000000070ce00000, 0x000000070ce00000, 0x000000070cf00000|  0%| F|  |TAMS 0x000000070ce00000, 0x000000070ce00000| Untracked 
| 179|0x000000070cf00000, 0x000000070cf00000, 0x000000070d000000|  0%| F|  |TAMS 0x000000070cf00000, 0x000000070cf00000| Untracked 
| 180|0x000000070d000000, 0x000000070d000000, 0x000000070d100000|  0%| F|  |TAMS 0x000000070d000000, 0x000000070d000000| Untracked 
| 181|0x000000070d100000, 0x000000070d100000, 0x000000070d200000|  0%| F|  |TAMS 0x000000070d100000, 0x000000070d100000| Untracked 
| 182|0x000000070d200000, 0x000000070d200000, 0x000000070d300000|  0%| F|  |TAMS 0x000000070d200000, 0x000000070d200000| Untracked 
| 183|0x000000070d300000, 0x000000070d300000, 0x000000070d400000|  0%| F|  |TAMS 0x000000070d300000, 0x000000070d300000| Untracked 
| 184|0x000000070d400000, 0x000000070d400000, 0x000000070d500000|  0%| F|  |TAMS 0x000000070d400000, 0x000000070d400000| Untracked 
| 185|0x000000070d500000, 0x000000070d500000, 0x000000070d600000|  0%| F|  |TAMS 0x000000070d500000, 0x000000070d500000| Untracked 
| 186|0x000000070d600000, 0x000000070d600000, 0x000000070d700000|  0%| F|  |TAMS 0x000000070d600000, 0x000000070d600000| Untracked 
| 187|0x000000070d700000, 0x000000070d700000, 0x000000070d800000|  0%| F|  |TAMS 0x000000070d700000, 0x000000070d700000| Untracked 
| 188|0x000000070d800000, 0x000000070d800000, 0x000000070d900000|  0%| F|  |TAMS 0x000000070d800000, 0x000000070d800000| Untracked 
| 189|0x000000070d900000, 0x000000070d900000, 0x000000070da00000|  0%| F|  |TAMS 0x000000070d900000, 0x000000070d900000| Untracked 
| 190|0x000000070da00000, 0x000000070da00000, 0x000000070db00000|  0%| F|  |TAMS 0x000000070da00000, 0x000000070da00000| Untracked 
| 191|0x000000070db00000, 0x000000070db00000, 0x000000070dc00000|  0%| F|  |TAMS 0x000000070db00000, 0x000000070db00000| Untracked 
| 192|0x000000070dc00000, 0x000000070dc00000, 0x000000070dd00000|  0%| F|  |TAMS 0x000000070dc00000, 0x000000070dc00000| Untracked 
| 193|0x000000070dd00000, 0x000000070dd00000, 0x000000070de00000|  0%| F|  |TAMS 0x000000070dd00000, 0x000000070dd00000| Untracked 
| 194|0x000000070de00000, 0x000000070de00000, 0x000000070df00000|  0%| F|  |TAMS 0x000000070de00000, 0x000000070de00000| Untracked 
| 195|0x000000070df00000, 0x000000070df00000, 0x000000070e000000|  0%| F|  |TAMS 0x000000070df00000, 0x000000070df00000| Untracked 
| 196|0x000000070e000000, 0x000000070e000000, 0x000000070e100000|  0%| F|  |TAMS 0x000000070e000000, 0x000000070e000000| Untracked 
| 197|0x000000070e100000, 0x000000070e100000, 0x000000070e200000|  0%| F|  |TAMS 0x000000070e100000, 0x000000070e100000| Untracked 
| 198|0x000000070e200000, 0x000000070e200000, 0x000000070e300000|  0%| F|  |TAMS 0x000000070e200000, 0x000000070e200000| Untracked 
| 199|0x000000070e300000, 0x000000070e300000, 0x000000070e400000|  0%| F|  |TAMS 0x000000070e300000, 0x000000070e300000| Untracked 
| 200|0x000000070e400000, 0x000000070e400000, 0x000000070e500000|  0%| F|  |TAMS 0x000000070e400000, 0x000000070e400000| Untracked 
| 201|0x000000070e500000, 0x000000070e500000, 0x000000070e600000|  0%| F|  |TAMS 0x000000070e500000, 0x000000070e500000| Untracked 
| 202|0x000000070e600000, 0x000000070e600000, 0x000000070e700000|  0%| F|  |TAMS 0x000000070e600000, 0x000000070e600000| Untracked 
| 203|0x000000070e700000, 0x000000070e700000, 0x000000070e800000|  0%| F|  |TAMS 0x000000070e700000, 0x000000070e700000| Untracked 
| 204|0x000000070e800000, 0x000000070e800000, 0x000000070e900000|  0%| F|  |TAMS 0x000000070e800000, 0x000000070e800000| Untracked 
| 205|0x000000070e900000, 0x000000070e900000, 0x000000070ea00000|  0%| F|  |TAMS 0x000000070e900000, 0x000000070e900000| Untracked 
| 206|0x000000070ea00000, 0x000000070ea00000, 0x000000070eb00000|  0%| F|  |TAMS 0x000000070ea00000, 0x000000070ea00000| Untracked 
| 207|0x000000070eb00000, 0x000000070eb00000, 0x000000070ec00000|  0%| F|  |TAMS 0x000000070eb00000, 0x000000070eb00000| Untracked 
| 208|0x000000070ec00000, 0x000000070ec00000, 0x000000070ed00000|  0%| F|  |TAMS 0x000000070ec00000, 0x000000070ec00000| Untracked 
| 209|0x000000070ed00000, 0x000000070ed00000, 0x000000070ee00000|  0%| F|  |TAMS 0x000000070ed00000, 0x000000070ed00000| Untracked 
| 210|0x000000070ee00000, 0x000000070ee00000, 0x000000070ef00000|  0%| F|  |TAMS 0x000000070ee00000, 0x000000070ee00000| Untracked 
| 211|0x000000070ef00000, 0x000000070ef00000, 0x000000070f000000|  0%| F|  |TAMS 0x000000070ef00000, 0x000000070ef00000| Untracked 
| 212|0x000000070f000000, 0x000000070f000000, 0x000000070f100000|  0%| F|  |TAMS 0x000000070f000000, 0x000000070f000000| Untracked 
| 213|0x000000070f100000, 0x000000070f100000, 0x000000070f200000|  0%| F|  |TAMS 0x000000070f100000, 0x000000070f100000| Untracked 
| 214|0x000000070f200000, 0x000000070f200000, 0x000000070f300000|  0%| F|  |TAMS 0x000000070f200000, 0x000000070f200000| Untracked 
| 215|0x000000070f300000, 0x000000070f300000, 0x000000070f400000|  0%| F|  |TAMS 0x000000070f300000, 0x000000070f300000| Untracked 
| 216|0x000000070f400000, 0x000000070f400000, 0x000000070f500000|  0%| F|  |TAMS 0x000000070f400000, 0x000000070f400000| Untracked 
| 217|0x000000070f500000, 0x000000070f500000, 0x000000070f600000|  0%| F|  |TAMS 0x000000070f500000, 0x000000070f500000| Untracked 
| 218|0x000000070f600000, 0x000000070f600000, 0x000000070f700000|  0%| F|  |TAMS 0x000000070f600000, 0x000000070f600000| Untracked 
| 219|0x000000070f700000, 0x000000070f700000, 0x000000070f800000|  0%| F|  |TAMS 0x000000070f700000, 0x000000070f700000| Untracked 
| 220|0x000000070f800000, 0x000000070f800000, 0x000000070f900000|  0%| F|  |TAMS 0x000000070f800000, 0x000000070f800000| Untracked 
| 221|0x000000070f900000, 0x000000070f900000, 0x000000070fa00000|  0%| F|  |TAMS 0x000000070f900000, 0x000000070f900000| Untracked 
| 222|0x000000070fa00000, 0x000000070fa00000, 0x000000070fb00000|  0%| F|  |TAMS 0x000000070fa00000, 0x000000070fa00000| Untracked 
| 223|0x000000070fb00000, 0x000000070fb00000, 0x000000070fc00000|  0%| F|  |TAMS 0x000000070fb00000, 0x000000070fb00000| Untracked 
| 224|0x000000070fc00000, 0x000000070fc00000, 0x000000070fd00000|  0%| F|  |TAMS 0x000000070fc00000, 0x000000070fc00000| Untracked 
| 225|0x000000070fd00000, 0x000000070fd00000, 0x000000070fe00000|  0%| F|  |TAMS 0x000000070fd00000, 0x000000070fd00000| Untracked 
| 226|0x000000070fe00000, 0x000000070fe00000, 0x000000070ff00000|  0%| F|  |TAMS 0x000000070fe00000, 0x000000070fe00000| Untracked 
| 227|0x000000070ff00000, 0x000000070ff00000, 0x0000000710000000|  0%| F|  |TAMS 0x000000070ff00000, 0x000000070ff00000| Untracked 
| 228|0x0000000710000000, 0x0000000710000000, 0x0000000710100000|  0%| F|  |TAMS 0x0000000710000000, 0x0000000710000000| Untracked 
| 229|0x0000000710100000, 0x0000000710100000, 0x0000000710200000|  0%| F|  |TAMS 0x0000000710100000, 0x0000000710100000| Untracked 
| 230|0x0000000710200000, 0x0000000710200000, 0x0000000710300000|  0%| F|  |TAMS 0x0000000710200000, 0x0000000710200000| Untracked 
| 231|0x0000000710300000, 0x0000000710300000, 0x0000000710400000|  0%| F|  |TAMS 0x0000000710300000, 0x0000000710300000| Untracked 
| 232|0x0000000710400000, 0x0000000710400000, 0x0000000710500000|  0%| F|  |TAMS 0x0000000710400000, 0x0000000710400000| Untracked 
| 233|0x0000000710500000, 0x0000000710500000, 0x0000000710600000|  0%| F|  |TAMS 0x0000000710500000, 0x0000000710500000| Untracked 
| 234|0x0000000710600000, 0x0000000710600000, 0x0000000710700000|  0%| F|  |TAMS 0x0000000710600000, 0x0000000710600000| Untracked 
| 235|0x0000000710700000, 0x0000000710700000, 0x0000000710800000|  0%| F|  |TAMS 0x0000000710700000, 0x0000000710700000| Untracked 
| 236|0x0000000710800000, 0x0000000710800000, 0x0000000710900000|  0%| F|  |TAMS 0x0000000710800000, 0x0000000710800000| Untracked 
| 237|0x0000000710900000, 0x0000000710900000, 0x0000000710a00000|  0%| F|  |TAMS 0x0000000710900000, 0x0000000710900000| Untracked 
| 238|0x0000000710a00000, 0x0000000710a00000, 0x0000000710b00000|  0%| F|  |TAMS 0x0000000710a00000, 0x0000000710a00000| Untracked 
| 239|0x0000000710b00000, 0x0000000710b00000, 0x0000000710c00000|  0%| F|  |TAMS 0x0000000710b00000, 0x0000000710b00000| Untracked 
| 240|0x0000000710c00000, 0x0000000710c00000, 0x0000000710d00000|  0%| F|  |TAMS 0x0000000710c00000, 0x0000000710c00000| Untracked 
| 241|0x0000000710d00000, 0x0000000710d00000, 0x0000000710e00000|  0%| F|  |TAMS 0x0000000710d00000, 0x0000000710d00000| Untracked 
| 242|0x0000000710e00000, 0x0000000710e00000, 0x0000000710f00000|  0%| F|  |TAMS 0x0000000710e00000, 0x0000000710e00000| Untracked 
| 243|0x0000000710f00000, 0x0000000710f00000, 0x0000000711000000|  0%| F|  |TAMS 0x0000000710f00000, 0x0000000710f00000| Untracked 
| 244|0x0000000711000000, 0x0000000711000000, 0x0000000711100000|  0%| F|  |TAMS 0x0000000711000000, 0x0000000711000000| Untracked 
| 245|0x0000000711100000, 0x0000000711100000, 0x0000000711200000|  0%| F|  |TAMS 0x0000000711100000, 0x0000000711100000| Untracked 
| 246|0x0000000711200000, 0x0000000711200000, 0x0000000711300000|  0%| F|  |TAMS 0x0000000711200000, 0x0000000711200000| Untracked 
| 247|0x0000000711300000, 0x0000000711300000, 0x0000000711400000|  0%| F|  |TAMS 0x0000000711300000, 0x0000000711300000| Untracked 
| 248|0x0000000711400000, 0x0000000711400000, 0x0000000711500000|  0%| F|  |TAMS 0x0000000711400000, 0x0000000711400000| Untracked 
| 249|0x0000000711500000, 0x0000000711500000, 0x0000000711600000|  0%| F|  |TAMS 0x0000000711500000, 0x0000000711500000| Untracked 
| 250|0x0000000711600000, 0x0000000711600000, 0x0000000711700000|  0%| F|  |TAMS 0x0000000711600000, 0x0000000711600000| Untracked 
| 251|0x0000000711700000, 0x0000000711700000, 0x0000000711800000|  0%| F|  |TAMS 0x0000000711700000, 0x0000000711700000| Untracked 
| 252|0x0000000711800000, 0x0000000711800000, 0x0000000711900000|  0%| F|  |TAMS 0x0000000711800000, 0x0000000711800000| Untracked 
| 253|0x0000000711900000, 0x0000000711900000, 0x0000000711a00000|  0%| F|  |TAMS 0x0000000711900000, 0x0000000711900000| Untracked 
| 254|0x0000000711a00000, 0x0000000711a00000, 0x0000000711b00000|  0%| F|  |TAMS 0x0000000711a00000, 0x0000000711a00000| Untracked 
| 255|0x0000000711b00000, 0x0000000711b00000, 0x0000000711c00000|  0%| F|  |TAMS 0x0000000711b00000, 0x0000000711b00000| Untracked 

Card table byte_map: [0x0000029e781d0000,0x0000029e789d0000] _byte_map_base: 0x0000029e749c2000

Marking Bits (Prev, Next): (CMBitMap*) 0x0000029e5d0c7a88, (CMBitMap*) 0x0000029e5d0c7ac0
 Prev Bits: [0x0000029e791d0000, 0x0000029e7d160000)
 Next Bits: [0x0000029e00000000, 0x0000029e03f90000)

Polling page: 0x0000029e5d140000

Metaspace:

Usage:
  Non-class:     51.82 MB capacity,    51.44 MB (>99%) used,   287.84 KB ( <1%) free+waste,   102.12 KB ( <1%) overhead. 
      Class:      6.94 MB capacity,     6.64 MB ( 96%) used,   266.54 KB (  4%) free+waste,    45.81 KB ( <1%) overhead. 
       Both:     58.77 MB capacity,    58.08 MB ( 99%) used,   554.38 KB ( <1%) free+waste,   147.94 KB ( <1%) overhead. 

Virtual space:
  Non-class space:       52.00 MB reserved,      51.93 MB (>99%) committed 
      Class space:        1.00 GB reserved,       6.95 MB ( <1%) committed 
             Both:        1.05 GB reserved,      58.88 MB (  5%) committed 

Chunk freelists:
   Non-Class:  3.00 KB
       Class:  0 bytes
        Both:  3.00 KB

MaxMetaspaceSize: 17179869184.00 GB
CompressedClassSpaceSize: 1.00 GB
Initial GC threshold: 20.80 MB
Current GC threshold: 58.88 MB
CDS: off

CodeHeap 'non-profiled nmethods': size=120064Kb used=2859Kb max_used=2859Kb free=117205Kb
 bounds [0x0000029e6fe60000, 0x0000029e70130000, 0x0000029e773a0000]
CodeHeap 'profiled nmethods': size=120000Kb used=13259Kb max_used=13259Kb free=106741Kb
 bounds [0x0000029e68930000, 0x0000029e69630000, 0x0000029e6fe60000]
CodeHeap 'non-nmethods': size=5696Kb used=1301Kb max_used=1348Kb free=4394Kb
 bounds [0x0000029e683a0000, 0x0000029e68610000, 0x0000029e68930000]
 total_blobs=6614 nmethods=6029 adapters=496
 compilation: enabled
              stopped_count=0, restarted_count=0
 full_count=0

Compilation events (20 events):
Event: 6.400 Thread 0x0000029e7f91b800 nmethod 6114 0x0000029e6961e790 code [0x0000029e6961e9e0, 0x0000029e6961f278]
Event: 6.402 Thread 0x0000029e7f91b800 6117       3       org.jetbrains.kotlin.com.intellij.lang.java.parser.JavaParserUtil::done (52 bytes)
Event: 6.403 Thread 0x0000029e7f91b800 nmethod 6117 0x0000029e6961f510 code [0x0000029e6961f720, 0x0000029e6961fa78]
Event: 6.403 Thread 0x0000029e7f91b800 6118       3       org.jetbrains.kotlin.com.intellij.lang.impl.PsiBuilderImpl::getUserData (29 bytes)
Event: 6.403 Thread 0x0000029e7f91b800 nmethod 6118 0x0000029e6961fc10 code [0x0000029e6961fde0, 0x0000029e6961fff8]
Event: 6.403 Thread 0x0000029e7f91b800 6119       3       org.jetbrains.kotlin.com.intellij.openapi.util.UnprotectedUserDataHolder::getUserData (57 bytes)
Event: 6.403 Thread 0x0000029e7f91b800 nmethod 6119 0x0000029e69620110 code [0x0000029e69620320, 0x0000029e696209d8]
Event: 6.403 Thread 0x0000029e7f91b800 6122       3       org.jetbrains.kotlin.com.intellij.lang.java.parser.JavaParser::getDeclarationParser (13 bytes)
Event: 6.403 Thread 0x0000029e7f91b800 nmethod 6122 0x0000029e69620b10 code [0x0000029e69620cc0, 0x0000029e69620e48]
Event: 6.403 Thread 0x0000029e7f91b800 6124       3       org.jetbrains.kotlin.com.intellij.lang.impl.PsiBuilderAdapter::getUserData (20 bytes)
Event: 6.404 Thread 0x0000029e7f91b800 nmethod 6124 0x0000029e69620f10 code [0x0000029e696210e0, 0x0000029e69621318]
Event: 6.404 Thread 0x0000029e7f91b800 6123       3       org.jetbrains.kotlin.com.intellij.lang.java.parser.DeclarationParser::parseAnnotations (31 bytes)
Event: 6.404 Thread 0x0000029e7f91b800 nmethod 6123 0x0000029e69621410 code [0x0000029e696215e0, 0x0000029e69621918]
Event: 6.404 Thread 0x0000029e7f91b800 6126       3       java.util.BitSet::ensureCapacity (39 bytes)
Event: 6.404 Thread 0x0000029e7f91b800 nmethod 6126 0x0000029e69621a90 code [0x0000029e69621c80, 0x0000029e69622148]
Event: 6.404 Thread 0x0000029e7f91b800 6127       3       org.jetbrains.kotlin.com.intellij.lang.java.parser.JavaParser::getReferenceParser (13 bytes)
Event: 6.405 Thread 0x0000029e7f91b800 nmethod 6127 0x0000029e69622310 code [0x0000029e696224c0, 0x0000029e69622648]
Event: 6.407 Thread 0x0000029e7f91b800 6134       2       org.jetbrains.kotlin.com.intellij.psi.impl.source.tree.RecursiveTreeElementWalkingVisitor$1::visit (9 bytes)
Event: 6.407 Thread 0x0000029e7f91b800 nmethod 6134 0x0000029e69622710 code [0x0000029e696228e0, 0x0000029e69622ad8]
Event: 6.407 Thread 0x0000029e7f91b800 6135       2       org.jetbrains.kotlin.load.java.lazy.descriptors.LazyJavaClassDescriptor::getDeclaredTypeParameters (13 bytes)

GC Heap History (11 events):
Event: 0.479 GC heap before
{Heap before GC invocations=0 (full 0):
 garbage-first heap   total 262144K, used 18432K [0x0000000701c00000, 0x0000000800000000)
  region size 1024K, 14 young (14336K), 0 survivors (0K)
 Metaspace       used 9481K, capacity 9615K, committed 9856K, reserved 1058816K
  class space    used 780K, capacity 820K, committed 896K, reserved 1048576K
}
Event: 0.482 GC heap after
{Heap after GC invocations=1 (full 0):
 garbage-first heap   total 262144K, used 6507K [0x0000000701c00000, 0x0000000800000000)
  region size 1024K, 2 young (2048K), 2 survivors (2048K)
 Metaspace       used 9481K, capacity 9615K, committed 9856K, reserved 1058816K
  class space    used 780K, capacity 820K, committed 896K, reserved 1048576K
}
Event: 1.389 GC heap before
{Heap before GC invocations=1 (full 0):
 garbage-first heap   total 262144K, used 55659K [0x0000000701c00000, 0x0000000800000000)
  region size 1024K, 51 young (52224K), 2 survivors (2048K)
 Metaspace       used 20998K, capacity 21185K, committed 21248K, reserved 1069056K
  class space    used 2216K, capacity 2302K, committed 2304K, reserved 1048576K
}
Event: 1.401 GC heap after
{Heap after GC invocations=2 (full 0):
 garbage-first heap   total 262144K, used 10564K [0x0000000701c00000, 0x0000000800000000)
  region size 1024K, 6 young (6144K), 6 survivors (6144K)
 Metaspace       used 20998K, capacity 21185K, committed 21248K, reserved 1069056K
  class space    used 2216K, capacity 2302K, committed 2304K, reserved 1048576K
}
Event: 2.230 GC heap before
{Heap before GC invocations=3 (full 0):
 garbage-first heap   total 262144K, used 60740K [0x0000000701c00000, 0x0000000800000000)
  region size 1024K, 49 young (50176K), 6 survivors (6144K)
 Metaspace       used 30590K, capacity 31033K, committed 31232K, reserved 1077248K
  class space    used 3594K, capacity 3790K, committed 3840K, reserved 1048576K
}
Event: 2.240 GC heap after
{Heap after GC invocations=4 (full 0):
 garbage-first heap   total 262144K, used 23605K [0x0000000701c00000, 0x0000000800000000)
  region size 1024K, 7 young (7168K), 7 survivors (7168K)
 Metaspace       used 30590K, capacity 31033K, committed 31232K, reserved 1077248K
  class space    used 3594K, capacity 3790K, committed 3840K, reserved 1048576K
}
Event: 2.715 GC heap before
{Heap before GC invocations=4 (full 0):
 garbage-first heap   total 262144K, used 42037K [0x0000000701c00000, 0x0000000800000000)
  region size 1024K, 26 young (26624K), 7 survivors (7168K)
 Metaspace       used 35329K, capacity 35752K, committed 35840K, reserved 1081344K
  class space    used 4293K, capacity 4465K, committed 4480K, reserved 1048576K
}
Event: 2.730 GC heap after
{Heap after GC invocations=5 (full 0):
 garbage-first heap   total 262144K, used 25296K [0x0000000701c00000, 0x0000000800000000)
  region size 1024K, 3 young (3072K), 3 survivors (3072K)
 Metaspace       used 35329K, capacity 35752K, committed 35840K, reserved 1081344K
  class space    used 4293K, capacity 4465K, committed 4480K, reserved 1048576K
}
Event: 3.953 GC heap before
{Heap before GC invocations=6 (full 0):
 garbage-first heap   total 262144K, used 83664K [0x0000000701c00000, 0x0000000800000000)
  region size 1024K, 60 young (61440K), 3 survivors (3072K)
 Metaspace       used 47203K, capacity 47723K, committed 47948K, reserved 1091584K
  class space    used 5472K, capacity 5676K, committed 5708K, reserved 1048576K
}
Event: 3.961 GC heap after
{Heap after GC invocations=7 (full 0):
 garbage-first heap   total 262144K, used 29626K [0x0000000701c00000, 0x0000000800000000)
  region size 1024K, 8 young (8192K), 8 survivors (8192K)
 Metaspace       used 47203K, capacity 47723K, committed 47948K, reserved 1091584K
  class space    used 5472K, capacity 5676K, committed 5708K, reserved 1048576K
}
Event: 6.408 GC heap before
{Heap before GC invocations=7 (full 0):
 garbage-first heap   total 262144K, used 131002K [0x0000000701c00000, 0x0000000800000000)
  region size 1024K, 105 young (107520K), 8 survivors (8192K)
 Metaspace       used 59473K, capacity 60176K, committed 60288K, reserved 1101824K
  class space    used 6798K, capacity 7111K, committed 7116K, reserved 1048576K
}

Deoptimization events (20 events):
Event: 6.047 Thread 0x0000029e5d062800 DEOPT PACKING pc=0x0000029e68f395ff sp=0x000000fb675fd600
Event: 6.047 Thread 0x0000029e5d062800 DEOPT UNPACKING pc=0x0000029e683ea95e sp=0x000000fb675fca50 mode 0
Event: 6.339 Thread 0x0000029e5d062800 Uncommon trap: trap_request=0xffffff4d fr.pc=0x0000029e70034efc relative=0x000000000000015c
Event: 6.339 Thread 0x0000029e5d062800 Uncommon trap: reason=unstable_if action=reinterpret pc=0x0000029e70034efc method=java.lang.StringLatin1.compareToCI([B[B)I @ 31 c2
Event: 6.339 Thread 0x0000029e5d062800 DEOPT PACKING pc=0x0000029e70034efc sp=0x000000fb675fb950
Event: 6.339 Thread 0x0000029e5d062800 DEOPT UNPACKING pc=0x0000029e683ea1af sp=0x000000fb675fb8c8 mode 2
Event: 6.345 Thread 0x0000029e5d062800 Uncommon trap: trap_request=0xffffffc6 fr.pc=0x0000029e700a3a10 relative=0x0000000000000590
Event: 6.345 Thread 0x0000029e5d062800 Uncommon trap: reason=bimorphic_or_optimized_type_check action=maybe_recompile pc=0x0000029e700a3a10 method=org.jetbrains.kotlin.com.intellij.psi.impl.source.tree.TreeElement.rawRemoveUpToWithoutNotifications(Lorg/jetbrains/kotlin/com/intellij/psi/impl/so
Event: 6.345 Thread 0x0000029e5d062800 DEOPT PACKING pc=0x0000029e700a3a10 sp=0x000000fb675fb560
Event: 6.345 Thread 0x0000029e5d062800 DEOPT UNPACKING pc=0x0000029e683ea1af sp=0x000000fb675fb500 mode 2
Event: 6.362 Thread 0x0000029e5d062800 Uncommon trap: trap_request=0xffffff4d fr.pc=0x0000029e6ffcbffc relative=0x00000000000001dc
Event: 6.362 Thread 0x0000029e5d062800 Uncommon trap: reason=unstable_if action=reinterpret pc=0x0000029e6ffcbffc method=java.util.ArrayDeque.addLast(Ljava/lang/Object;)V @ 42 c2
Event: 6.362 Thread 0x0000029e5d062800 DEOPT PACKING pc=0x0000029e6ffcbffc sp=0x000000fb675fcc90
Event: 6.362 Thread 0x0000029e5d062800 DEOPT UNPACKING pc=0x0000029e683ea1af sp=0x000000fb675fcbe8 mode 2
Event: 6.367 Thread 0x0000029e5d062800 Uncommon trap: trap_request=0xffffffc6 fr.pc=0x0000029e700a3a10 relative=0x0000000000000590
Event: 6.367 Thread 0x0000029e5d062800 Uncommon trap: reason=bimorphic_or_optimized_type_check action=maybe_recompile pc=0x0000029e700a3a10 method=org.jetbrains.kotlin.com.intellij.psi.impl.source.tree.TreeElement.rawRemoveUpToWithoutNotifications(Lorg/jetbrains/kotlin/com/intellij/psi/impl/so
Event: 6.367 Thread 0x0000029e5d062800 DEOPT PACKING pc=0x0000029e700a3a10 sp=0x000000fb675fb560
Event: 6.367 Thread 0x0000029e5d062800 DEOPT UNPACKING pc=0x0000029e683ea1af sp=0x000000fb675fb500 mode 2
Event: 6.400 Thread 0x0000029e5d062800 DEOPT PACKING pc=0x0000029e68d7e96b sp=0x000000fb675fb610
Event: 6.400 Thread 0x0000029e5d062800 DEOPT UNPACKING pc=0x0000029e683ea95e sp=0x000000fb675fab68 mode 0

Classes redefined (0 events):
No events

Internal exceptions (20 events):
Event: 1.700 Thread 0x0000029e5d062800 Exception <a 'java/lang/NoSuchMethodError'{0x0000000710eacaa0}: 'java.lang.Object java.lang.invoke.DirectMethodHandle$Holder.invokeStatic(java.lang.Object, java.lang.Object, java.lang.Object, java.lang.Object, int)'> (0x0000000710eacaa0) thrown at [s\src\hotspot\share\interpreter\linkResolver.cpp, line 773]
Event: 1.739 Thread 0x0000029e5d062800 Exception <a 'java/lang/NoSuchMethodError'{0x0000000710dd1d88}: 'void java.lang.invoke.DirectMethodHandle$Holder.invokeStatic(java.lang.Object, java.lang.Object, java.lang.Object, java.lang.Object)'> (0x0000000710dd1d88) thrown at [s\src\hotspot\share\interpreter\linkResolver.cpp, line 773]
Event: 1.804 Thread 0x0000029e5d062800 Exception <a 'java/lang/NoSuchMethodError'{0x00000007109bc028}: 'void java.lang.invoke.DirectMethodHandle$Holder.invokeStaticInit(java.lang.Object, java.lang.Object)'> (0x00000007109bc028) thrown at [s\src\hotspot\share\interpreter\linkResolver.cpp, line 773]
Event: 1.885 Thread 0x0000029e5d062800 Exception <a 'java/lang/NoSuchMethodError'{0x000000071041e3a8}: 'void java.lang.invoke.DirectMethodHandle$Holder.invokeVirtual(java.lang.Object, java.lang.Object)'> (0x000000071041e3a8) thrown at [s\src\hotspot\share\interpreter\linkResolver.cpp, line 773]
Event: 1.897 Thread 0x0000029e5d062800 Exception <a 'java/lang/NoSuchMethodError'{0x00000007104b36d0}: 'int java.lang.invoke.DirectMethodHandle$Holder.invokeVirtual(java.lang.Object, java.lang.Object)'> (0x00000007104b36d0) thrown at [s\src\hotspot\share\interpreter\linkResolver.cpp, line 773]
Event: 2.786 Thread 0x0000029e5d062800 Exception <a 'java/lang/NoSuchMethodError'{0x0000000711993608}: 'java.lang.Object java.lang.invoke.DirectMethodHandle$Holder.invokeVirtual(java.lang.Object, java.lang.Object, java.lang.Object)'> (0x0000000711993608) thrown at [s\src\hotspot\share\interpreter\linkResolver.cpp, line 773]
Event: 3.428 Thread 0x0000029e5d062800 Exception <a 'java/lang/NoSuchMethodError'{0x000000070ee2e068}: 'java.lang.Object java.lang.invoke.Invokers$Holder.linkToTargetMethod(java.lang.Object, int, java.lang.Object)'> (0x000000070ee2e068) thrown at [s\src\hotspot\share\interpreter\linkResolver.cpp, line 773]
Event: 3.695 Thread 0x0000029e5d062800 Exception <a 'java/lang/NoSuchMethodError'{0x000000070e7c4e20}: 'java.lang.Object java.lang.invoke.DirectMethodHandle$Holder.invokeStatic(java.lang.Object, java.lang.Object, java.lang.Object, int)'> (0x000000070e7c4e20) thrown at [s\src\hotspot\share\interpreter\linkResolver.cpp, line 773]
Event: 3.696 Thread 0x0000029e5d062800 Exception <a 'java/lang/NoSuchMethodError'{0x000000070e7c8a90}: 'java.lang.Object java.lang.invoke.DirectMethodHandle$Holder.invokeSpecial(java.lang.Object, java.lang.Object, java.lang.Object, java.lang.Object, int)'> (0x000000070e7c8a90) thrown at [s\src\hotspot\share\interpreter\linkResolver.cpp, line 773]
Event: 3.696 Thread 0x0000029e5d062800 Exception <a 'java/lang/NoSuchMethodError'{0x000000070e7cbda0}: 'java.lang.Object java.lang.invoke.Invokers$Holder.linkToTargetMethod(java.lang.Object, java.lang.Object, int, java.lang.Object)'> (0x000000070e7cbda0) thrown at [s\src\hotspot\share\interpreter\linkResolver.cpp, line 773]
Event: 4.558 Thread 0x0000029e5d062800 Exception <a 'java/lang/NoSuchMethodError'{0x0000000710432940}: 'java.lang.Object java.lang.invoke.DirectMethodHandle$Holder.invokeSpecial(java.lang.Object, java.lang.Object, java.lang.Object, java.lang.Object, java.lang.Object, java.lang.Object, java.lang.Object, java.lang.Object, java.lang.Object)'> (0x0000000710432940) thrown at [s\src\hotspot\share\interpreter\linkResolver.cpp, line 773]
Event: 4.558 Thread 0x0000029e5d062800 Exception <a 'java/lang/NoSuchMethodError'{0x0000000710436b38}: 'java.lang.Object java.lang.invoke.Invokers$Holder.linkToTargetMethod(java.lang.Object, java.lang.Object, java.lang.Object, java.lang.Object, java.lang.Object, java.lang.Object, java.lang.Object, java.lang.Object)'> (0x0000000710436b38) thrown at [s\src\hotspot\share\interpreter\linkResolver.cpp, line 773]
Event: 5.038 Thread 0x0000029e5d062800 Implicit null exception at 0x0000029e6ff0bb75 to 0x0000029e6ff0bd5c
Event: 5.040 Thread 0x0000029e5d062800 Implicit null exception at 0x0000029e6fec40af to 0x0000029e6fec4129
Event: 5.557 Thread 0x0000029e5d062800 Implicit null exception at 0x0000029e700876c8 to 0x0000029e7008fa6c
Event: 5.780 Thread 0x0000029e5d062800 Exception <a 'java/lang/NoSuchMethodError'{0x000000070bf11ba8}: 'int java.lang.invoke.DirectMethodHandle$Holder.invokeVirtual(java.lang.Object, java.lang.Object, java.lang.Object)'> (0x000000070bf11ba8) thrown at [s\src\hotspot\share\interpreter\linkResolver.cpp, line 773]
Event: 5.787 Thread 0x0000029e5d062800 Exception <a 'java/lang/NoSuchMethodError'{0x000000070bf51b58}: 'java.lang.Object java.lang.invoke.DirectMethodHandle$Holder.invokeSpecial(java.lang.Object, java.lang.Object, java.lang.Object, java.lang.Object, java.lang.Object, int)'> (0x000000070bf51b58) thrown at [s\src\hotspot\share\interpreter\linkResolver.cpp, line 773]
Event: 5.787 Thread 0x0000029e5d062800 Exception <a 'java/lang/NoSuchMethodError'{0x000000070bf55450}: 'java.lang.Object java.lang.invoke.Invokers$Holder.linkToTargetMethod(java.lang.Object, java.lang.Object, java.lang.Object, int, java.lang.Object)'> (0x000000070bf55450) thrown at [s\src\hotspot\share\interpreter\linkResolver.cpp, line 773]
Event: 5.805 Thread 0x0000029e5d062800 Exception <a 'java/lang/NoSuchMethodError'{0x000000070bff9ea8}: 'java.lang.Object java.lang.invoke.DirectMethodHandle$Holder.invokeStaticInit(java.lang.Object, java.lang.Object, java.lang.Object)'> (0x000000070bff9ea8) thrown at [s\src\hotspot\share\interpreter\linkResolver.cpp, line 773]
Event: 5.884 Thread 0x0000029e5d062800 Exception <a 'java/lang/NoSuchMethodError'{0x000000070bc91d98}: 'void java.lang.invoke.DirectMethodHandle$Holder.invokeInterface(java.lang.Object, java.lang.Object)'> (0x000000070bc91d98) thrown at [s\src\hotspot\share\interpreter\linkResolver.cpp, line 773]

Events (20 events):
Event: 5.992 loading class org/jetbrains/kotlin/resolve/jvm/RuntimeAssertionsDataFlowExtras$dataFlowValue$2 done
Event: 5.993 loading class org/jetbrains/kotlin/types/error/ErrorUtils$containsUninferredTypeVariable$1
Event: 5.993 loading class org/jetbrains/kotlin/types/error/ErrorUtils$containsUninferredTypeVariable$1 done
Event: 5.993 loading class org/jetbrains/kotlin/resolve/jvm/checkers/JavaNullabilityChecker$findTypeParameterWithWrongBoundsNullability$typeState$1
Event: 5.993 loading class org/jetbrains/kotlin/resolve/jvm/checkers/JavaNullabilityChecker$findTypeParameterWithWrongBoundsNullability$typeState$1 done
Event: 5.994 loading class org/jetbrains/kotlin/resolve/calls/tower/ResolvedUsingDeprecatedVisibility
Event: 5.994 loading class org/jetbrains/kotlin/resolve/calls/tower/ResolvedUsingDeprecatedVisibility done
Event: 5.995 loading class org/jetbrains/kotlin/resolve/calls/tower/ResolutionDiagnostic
Event: 5.995 loading class org/jetbrains/kotlin/resolve/calls/tower/ResolutionDiagnostic done
Event: 5.995 loading class org/jetbrains/kotlin/resolve/constants/IntegerValueTypeConstant
Event: 5.995 loading class org/jetbrains/kotlin/resolve/constants/IntegerValueTypeConstant done
Event: 6.087 Executing VM operation: ICBufferFull
Event: 6.087 Executing VM operation: ICBufferFull done
Event: 6.130 loading class org/jetbrains/kotlin/types/checker/ClassicTypeSystemContext$substitutionSupertypePolicy$2
Event: 6.130 loading class org/jetbrains/kotlin/types/checker/ClassicTypeSystemContext$substitutionSupertypePolicy$2 done
Event: 6.131 loading class org/jetbrains/kotlin/types/TypeCheckerState$SupertypesPolicy$DoCustomTransform
Event: 6.131 loading class org/jetbrains/kotlin/types/TypeCheckerState$SupertypesPolicy$DoCustomTransform done
Event: 6.279 Executing VM operation: ICBufferFull
Event: 6.279 Executing VM operation: ICBufferFull done
Event: 6.407 Executing VM operation: CollectForMetadataAllocation


Dynamic libraries:
0x00007ff62cce0000 - 0x00007ff62ccee000 	C:\Program Files\OpenLogic\jdk-11.0.21.9-hotspot\bin\java.exe
0x00007ff9602f0000 - 0x00007ff9604e8000 	C:\Windows\SYSTEM32\ntdll.dll
0x00007ff95e5d0000 - 0x00007ff95e68d000 	C:\Windows\System32\KERNEL32.DLL
0x00007ff95de80000 - 0x00007ff95e14f000 	C:\Windows\System32\KERNELBASE.dll
0x00007ff95dac0000 - 0x00007ff95dbc0000 	C:\Windows\System32\ucrtbase.dll
0x00007ff953080000 - 0x00007ff95309b000 	C:\Program Files\OpenLogic\jdk-11.0.21.9-hotspot\bin\VCRUNTIME140.dll
0x00007ff947310000 - 0x00007ff947327000 	C:\Program Files\OpenLogic\jdk-11.0.21.9-hotspot\bin\jli.dll
0x00007ff95fad0000 - 0x00007ff95fc70000 	C:\Windows\System32\USER32.dll
0x00007ff95e2b0000 - 0x00007ff95e2d2000 	C:\Windows\System32\win32u.dll
0x00007ff944d30000 - 0x00007ff944fca000 	C:\Windows\WinSxS\amd64_microsoft.windows.common-controls_6595b64144ccf1df_6.0.19041.1110_none_60b5254171f9507e\COMCTL32.dll
0x00007ff95fc70000 - 0x00007ff95fc9a000 	C:\Windows\System32\GDI32.dll
0x00007ff95e980000 - 0x00007ff95ea1e000 	C:\Windows\System32\msvcrt.dll
0x00007ff95e1a0000 - 0x00007ff95e2ab000 	C:\Windows\System32\gdi32full.dll
0x00007ff95dbc0000 - 0x00007ff95dc5d000 	C:\Windows\System32\msvcp_win.dll
0x00007ff95faa0000 - 0x00007ff95fad0000 	C:\Windows\System32\IMM32.DLL
0x00007ff9544e0000 - 0x00007ff9544ec000 	C:\Program Files\OpenLogic\jdk-11.0.21.9-hotspot\bin\vcruntime140_1.dll
0x00007ff946340000 - 0x00007ff9463cd000 	C:\Program Files\OpenLogic\jdk-11.0.21.9-hotspot\bin\msvcp140.dll
0x00007ff932050000 - 0x00007ff932b9d000 	C:\Program Files\OpenLogic\jdk-11.0.21.9-hotspot\bin\server\jvm.dll
0x00007ff95e720000 - 0x00007ff95e7ce000 	C:\Windows\System32\ADVAPI32.dll
0x00007ff95f310000 - 0x00007ff95f3ac000 	C:\Windows\System32\sechost.dll
0x00007ff95ea30000 - 0x00007ff95eb55000 	C:\Windows\System32\RPCRT4.dll
0x00007ff95f5f0000 - 0x00007ff95f5f8000 	C:\Windows\System32\PSAPI.DLL
0x00007ff943570000 - 0x00007ff943579000 	C:\Windows\SYSTEM32\WSOCK32.dll
0x00007ff95fca0000 - 0x00007ff95fd0b000 	C:\Windows\System32\WS2_32.dll
0x00007ff940ac0000 - 0x00007ff940ae7000 	C:\Windows\SYSTEM32\WINMM.dll
0x00007ff954750000 - 0x00007ff95475a000 	C:\Windows\SYSTEM32\VERSION.dll
0x00007ff95b8f0000 - 0x00007ff95b902000 	C:\Windows\SYSTEM32\kernel.appcore.dll
0x00007ff954440000 - 0x00007ff954450000 	C:\Program Files\OpenLogic\jdk-11.0.21.9-hotspot\bin\verify.dll
0x00007ff94b7b0000 - 0x00007ff94b994000 	C:\Windows\SYSTEM32\DBGHELP.DLL
0x00007ff94ba50000 - 0x00007ff94ba7c000 	C:\Windows\SYSTEM32\dbgcore.DLL
0x00007ff95dc90000 - 0x00007ff95dd12000 	C:\Windows\System32\bcryptPrimitives.dll
0x00007ff9472e0000 - 0x00007ff947308000 	C:\Program Files\OpenLogic\jdk-11.0.21.9-hotspot\bin\java.dll
0x00007ff9543f0000 - 0x00007ff9543fa000 	C:\Program Files\OpenLogic\jdk-11.0.21.9-hotspot\bin\jimage.dll
0x00007ff946470000 - 0x00007ff946488000 	C:\Program Files\OpenLogic\jdk-11.0.21.9-hotspot\bin\zip.dll
0x00007ff95ebc0000 - 0x00007ff95f304000 	C:\Windows\System32\SHELL32.dll
0x00007ff95baf0000 - 0x00007ff95c284000 	C:\Windows\SYSTEM32\windows.storage.dll
0x00007ff95f660000 - 0x00007ff95f9b4000 	C:\Windows\System32\combase.dll
0x00007ff95d2b0000 - 0x00007ff95d2e0000 	C:\Windows\SYSTEM32\Wldp.dll
0x00007ff95e350000 - 0x00007ff95e3fd000 	C:\Windows\System32\SHCORE.dll
0x00007ff95f600000 - 0x00007ff95f655000 	C:\Windows\System32\shlwapi.dll
0x00007ff95d950000 - 0x00007ff95d96f000 	C:\Windows\SYSTEM32\profapi.dll
0x00007ff946320000 - 0x00007ff946339000 	C:\Program Files\OpenLogic\jdk-11.0.21.9-hotspot\bin\net.dll
0x00007ff956fb0000 - 0x00007ff9570ba000 	C:\Windows\SYSTEM32\WINHTTP.dll
0x00007ff95d0a0000 - 0x00007ff95d10a000 	C:\Windows\system32\mswsock.dll
0x00007ff946300000 - 0x00007ff946312000 	C:\Program Files\OpenLogic\jdk-11.0.21.9-hotspot\bin\nio.dll

dbghelp: loaded successfully - version: 4.0.5 - missing functions: none
symbol engine: initialized successfully - sym options: 0x614 - pdb path: .;C:\Program Files\OpenLogic\jdk-11.0.21.9-hotspot\bin;C:\Windows\SYSTEM32;C:\Windows\WinSxS\amd64_microsoft.windows.common-controls_6595b64144ccf1df_6.0.19041.1110_none_60b5254171f9507e;C:\Program Files\OpenLogic\jdk-11.0.21.9-hotspot\bin\server

VM Arguments:
java_command: org.jetbrains.kotlin.cli.jvm.K2JVMCompiler @F:\Mobile_App\test_app\node_modules\react-native-screens\android\build\20231226_13113117013212085226.compiler.options
java_class_path (initial): C:\Users\ahmer7740\.gradle\caches\modules-2\files-2.1\org.jetbrains.kotlin\kotlin-compiler-embeddable\1.8.0\eb9118d4bcceaa2a94b2ae2a33a4ddba7c9a947f\kotlin-compiler-embeddable-1.8.0.jar;C:\Users\ahmer7740\.gradle\caches\modules-2\files-2.1\org.jetbrains.kotlin\kotlin-stdlib\1.8.0\1796921c7a3e2e2665a83e6c8d33399336cd39bc\kotlin-stdlib-1.8.0.jar;C:\Users\ahmer7740\.gradle\caches\modules-2\files-2.1\org.jetbrains.kotlin\kotlin-script-runtime\1.8.0\b2f7e760d283cb339974851c222a4c1d48f2d3d\kotlin-script-runtime-1.8.0.jar;C:\Users\ahmer7740\.gradle\caches\modules-2\files-2.1\org.jetbrains.kotlin\kotlin-reflect\1.6.10\1cbe9c92c12a94eea200d23c2bbaedaf3daf5132\kotlin-reflect-1.6.10.jar;C:\Users\ahmer7740\.gradle\caches\modules-2\files-2.1\org.jetbrains.kotlin\kotlin-daemon-embeddable\1.8.0\d255216c551685dc3a7e852b53617f5f01aaaa5c\kotlin-daemon-embeddable-1.8.0.jar;C:\Users\ahmer7740\.gradle\caches\modules-2\files-2.1\org.jetbrains.intellij.deps\trove4j\1.0.20200330\3afb14d5f9ceb459d724e907a21145e8ff394f02\trove4j-1.0.20200330.jar;C:\Users\ahmer7740\.gradle\caches\modules-2\files-2.1\net.java.dev.jna\jna\5.6.0\330f2244e9030119ab3030fc3fededc86713d9cc\jna-5.6.0.jar;C:\Users\ahmer7740\.gradle\caches\modules-2\files-2.1\org.jetbrains.kotlin\kotlin-stdlib-common\1.8.0\f7197e7cc76453ac59f8b0f8d5137cc600becd36\kotlin-stdlib-common-1.8.0.jar;C:\Users\ahmer7740\.gradle\caches\modules-2\files-2.1\org.jetbrains\annotations\13.0\919f0dfe192fb4e063e7dacadee7f8bb9a2672a9\annotations-13.0.jar
Launcher Type: SUN_STANDARD

[Global flags]
     intx CICompilerCount                          = 3                                         {product} {ergonomic}
     uint ConcGCThreads                            = 1                                         {product} {ergonomic}
     uint G1ConcRefinementThreads                  = 4                                         {product} {ergonomic}
   size_t G1HeapRegionSize                         = 1048576                                   {product} {ergonomic}
    uintx GCDrainStackTargetSize                   = 64                                        {product} {ergonomic}
   size_t InitialHeapSize                          = 268435456                                 {product} {ergonomic}
   size_t MarkStackSize                            = 4194304                                   {product} {ergonomic}
   size_t MaxHeapSize                              = 4265607168                                {product} {ergonomic}
   size_t MaxNewSize                               = 2558525440                                {product} {ergonomic}
   size_t MinHeapDeltaBytes                        = 1048576                                   {product} {ergonomic}
    uintx NonNMethodCodeHeapSize                   = 5830732                                {pd product} {ergonomic}
    uintx NonProfiledCodeHeapSize                  = 122913754                              {pd product} {ergonomic}
    uintx ProfiledCodeHeapSize                     = 122913754                              {pd product} {ergonomic}
    uintx ReservedCodeCacheSize                    = 251658240                              {pd product} {ergonomic}
     bool SegmentedCodeCache                       = true                                      {product} {ergonomic}
     bool UseCompressedClassPointers               = true                                 {lp64_product} {ergonomic}
     bool UseCompressedOops                        = true                                 {lp64_product} {ergonomic}
     bool UseG1GC                                  = true                                      {product} {ergonomic}
     bool UseLargePagesIndividualAllocation        = false                                  {pd product} {ergonomic}

Logging:
Log output configuration:
 #0: stdout all=warning uptime,level,tags
 #1: stderr all=off uptime,level,tags

Environment Variables:
JAVA_HOME=C:\Program Files\OpenLogic\jdk-11.0.21.9-hotspot\
CLASSPATH=F:\Mobile_App\test_app\android\\gradle\wrapper\gradle-wrapper.jar
PATH=F:\Mobile_App\test_app\node_modules\.bin;F:\Mobile_App\test_app\node_modules\.bin;F:\Mobile_App\node_modules\.bin;F:\node_modules\.bin;C:\Users\ahmer7740\AppData\Roaming\npm\node_modules\npm\node_modules\@npmcli\run-script\lib\node-gyp-bin;C:\Program Files\OpenLogic\jdk-11.0.21.9-hotspot\bin;C:\Python312\Scripts\;C:\Python312\;C:\Windows\system32;C:\Windows;C:\Windows\System32\Wbem;C:\Windows\System32\WindowsPowerShell\v1.0\;C:\Windows\System32\OpenSSH\;C:\Program Files\dotnet\;C:\Program Files\Microsoft SQL Server\Client SDK\ODBC\170\Tools\Binn\;C:\Program Files\Microsoft SQL Server\150\Tools\Binn\;C:\Program Files\YAZ\bin;C:\Program Files\nodejs\;C:\ProgramData\chocolatey\bin;C:\Users\ahmer7740\AppData\Local\Android\Sdk\platform-tools;C:\Users\ahmer7740\AppData\Local\Android\Sdk\tools;C:\Users\ahmer7740\AppData\Local\Microsoft\WindowsApps;C:\Users\ahmer7740\AppData\Roaming\npm;C:\Users\ahmer7740\AppData\Local\Programs\Microsoft VS Code\bin;C:\Users\ahmer7740\AppData\Local\Android\Sdk\platform-tools;
USERNAME=ahmer7740
OS=Windows_NT
PROCESSOR_IDENTIFIER=Intel64 Family 6 Model 94 Stepping 3, GenuineIntel
TMP=C:\Users\AHMER7~1\AppData\Local\Temp
TEMP=C:\Users\AHMER7~1\AppData\Local\Temp



---------------  S Y S T E M  ---------------

OS: Windows 10 , 64 bit Build 19041 (10.0.19041.1865)
OS uptime: 8 days 8:31 hours
Hyper-V role detected

CPU:total 4 (initial active 4) (4 cores per cpu, 1 threads per core) family 6 model 94 stepping 3 microcode 0xcc, cmov, cx8, fxsr, mmx, sse, sse2, sse3, ssse3, sse4.1, sse4.2, popcnt, avx, avx2, aes, clmul, erms, 3dnowpref, lzcnt, tsc, tscinvbit, bmi1, bmi2, adx, fma

Memory: 4k page, system-wide physical 16264M (469M free)
TotalPageFile size 44012M (AvailPageFile size 52M)
current process WorkingSet (physical memory assigned to process): 321M, peak: 321M
current process commit charge ("private bytes"): 464M, peak: 516M

vm_info: OpenJDK 64-Bit Server VM (11.0.21+9-adhoc..jdk11u) for windows-amd64 JRE (11.0.21+9-adhoc..jdk11u), built on Oct 18 2023 09:35:41 by "" with MS VC++ 16.10 / 16.11 (VS2019)

END.
